<?xml version="1.0" encoding="UTF-8"?>
<testng-results ignored="0" total="1" passed="1" failed="0" skipped="0">
  <reporter-output>
  </reporter-output>
  <suite started-at="2023-11-27T21:39:10 IST" name="Default suite" finished-at="2023-11-27T21:39:13 IST" duration-ms="3265">
    <groups>
    </groups>
    <test started-at="2023-11-27T21:39:10 IST" name="Default test" finished-at="2023-11-27T21:39:13 IST" duration-ms="3265">
      <class name="actiTimeTestClass.ActiTimeTestClass">
        <test-method is-config="true" signature="openBrowser()[pri:0, instance:actiTimeTestClass.ActiTimeTestClass@16ec5519]" started-at="2023-11-27T21:39:10 IST" name="openBrowser" finished-at="2023-11-27T21:39:12 IST" duration-ms="2012" status="PASS">
          <reporter-output>
          </reporter-output>
        </test-method> <!-- openBrowser -->
        <test-method is-config="true" signature="loginActiTime()[pri:0, instance:actiTimeTestClass.ActiTimeTestClass@16ec5519]" started-at="2023-11-27T21:39:12 IST" name="loginActiTime" finished-at="2023-11-27T21:39:13 IST" duration-ms="705" status="PASS">
          <reporter-output>
          </reporter-output>
        </test-method> <!-- loginActiTime -->
        <test-method signature="toVerifytheLogo()[pri:0, instance:actiTimeTestClass.ActiTimeTestClass@16ec5519]" started-at="2023-11-27T21:39:13 IST" name="toVerifytheLogo" finished-at="2023-11-27T21:39:13 IST" duration-ms="78" status="PASS">
          <reporter-output>
          </reporter-output>
        </test-method> <!-- toVerifytheLogo -->
        <test-method is-config="true" signature="logout()[pri:0, instance:actiTimeTestClass.ActiTimeTestClass@16ec5519]" started-at="2023-11-27T21:39:13 IST" name="logout" finished-at="2023-11-27T21:39:13 IST" duration-ms="147" status="PASS">
          <reporter-output>
          </reporter-output>
        </test-method> <!-- logout -->
        <test-method is-config="true" signature="closeBrowser()[pri:0, instance:actiTimeTestClass.ActiTimeTestClass@16ec5519]" started-at="2023-11-27T21:39:13 IST" name="closeBrowser" finished-at="2023-11-27T21:39:13 IST" duration-ms="279" status="PASS">
          <reporter-output>
          </reporter-output>
        </test-method> <!-- closeBrowser -->
      </class> <!-- actiTimeTestClass.ActiTimeTestClass -->
    </test> <!-- Default test -->
  </suite> <!-- Default suite -->
</testng-results>
